"Q:/Users/GoLeM/Documents/Unreal Projects/PainkillerClone/Content/FirstPerson/Character/Mesh/SK_Mannequin_Arms_Skeleton.uasset" 0
"Q:/Users/GoLeM/Documents/Unreal Projects/PainkillerClone/Content/FirstPerson/Animations/FirstPerson_Fire.uasset" 1
"Q:/Users/GoLeM/Documents/Unreal Projects/PainkillerClone/Content/FirstPerson/Animations/FirstPersonFire_Montage.uasset" 2
"Q:/Users/GoLeM/Documents/Unreal Projects/PainkillerClone/Content/FirstPerson/Audio/FirstPersonTemplateWeaponFire02.uasset" 3
"Q:/Users/GoLeM/Documents/Unreal Projects/PainkillerClone/Content/FirstPerson/Animations/FirstPerson_Run.uasset" 4
"../../../Engine/Content/EditorBlueprintResources/StandardMacros.uasset" 5
"Q:/Users/GoLeM/Documents/Unreal Projects/PainkillerClone/Content/FirstPerson/Animations/FirstPerson_JumpEnd.uasset" 6
"Q:/Users/GoLeM/Documents/Unreal Projects/PainkillerClone/Content/FirstPerson/Animations/FirstPerson_JumpLoop.uasset" 7
"Q:/Users/GoLeM/Documents/Unreal Projects/PainkillerClone/Content/FirstPerson/Animations/FirstPerson_JumpStart.uasset" 8
"Q:/Users/GoLeM/Documents/Unreal Projects/PainkillerClone/Content/FirstPerson/Animations/FirstPerson_Idle.uasset" 9
"Q:/Users/GoLeM/Documents/Unreal Projects/PainkillerClone/Content/FirstPerson/Animations/FirstPerson_AnimBP.uasset" 10
"Q:/Users/GoLeM/Documents/Unreal Projects/PainkillerClone/Content/FirstPerson/Character/Mesh/FirstPersonAnimBlueprint_Copy.uasset" 11
"Q:/Users/GoLeM/Documents/Unreal Projects/PainkillerClone/Content/FirstPerson/Character/Textures/UE4_LOGO_CARD.uasset" 12
"Q:/Users/GoLeM/Documents/Unreal Projects/PainkillerClone/Content/FirstPerson/FPWeapon/Materials/MaterialLayers/ML_Plastic_Shiny_Beige_LOGO.uasset" 13
"Q:/Users/GoLeM/Documents/Unreal Projects/PainkillerClone/Content/FirstPerson/FPWeapon/Materials/MaterialLayers/T_ML_FineRubber.uasset" 14
"Q:/Users/GoLeM/Documents/Unreal Projects/PainkillerClone/Content/FirstPerson/FPWeapon/Mesh/SK_FPGun_PhysicsAsset.uasset" 15
"Q:/Users/GoLeM/Documents/Unreal Projects/PainkillerClone/Content/FirstPerson/Meshes/BaseMaterial.uasset" 16
"Q:/Users/GoLeM/Documents/Unreal Projects/PainkillerClone/Content/FirstPerson/Meshes/FirstPersonProjectileMaterial.uasset" 17
"Q:/Users/GoLeM/Documents/Unreal Projects/PainkillerClone/Content/FirstPerson/Meshes/FirstPersonProjectileMesh.uasset" 18
"Q:/Users/GoLeM/Documents/Unreal Projects/PainkillerClone/Content/FirstPersonBP/FirstPersonOverview.uasset" 19
"Q:/Users/GoLeM/Documents/Unreal Projects/PainkillerClone/Content/FirstPerson/Textures/FirstPersonCrosshair.uasset" 20
"Q:/Users/GoLeM/Documents/Unreal Projects/PainkillerClone/Content/FirstPersonBP/Blueprints/FirstPersonHUD.uasset" 21
"Q:/Users/GoLeM/Documents/Unreal Projects/PainkillerClone/Content/FirstPerson/Character/Mesh/SK_Mannequin_Arms_PhysicsAsset.uasset" 22
"../../../Engine/Content/Functions/Engine_MaterialFunctions02/Utility/BlendAngleCorrectedNormals.uasset" 23
"Q:/Users/GoLeM/Documents/Unreal Projects/PainkillerClone/Content/FirstPerson/Character/Textures/UE4_Mannequin__normals.uasset" 24
"Q:/Users/GoLeM/Documents/Unreal Projects/PainkillerClone/Content/FirstPerson/Character/Textures/UE4_Mannequin_MAT_MASKA.uasset" 25
"../../../Engine/Content/Functions/MaterialLayerFunctions/MatLayerBlend_NormalBlend.uasset" 26
"../../../Engine/Content/Functions/MaterialLayerFunctions/MatLayerBlend_Simple.uasset" 27
"Q:/Users/GoLeM/Documents/Unreal Projects/PainkillerClone/Content/FirstPerson/Character/Materials/MaterialLayers/T_ML_Rubber_Blue_01_D.uasset" 28
"Q:/Users/GoLeM/Documents/Unreal Projects/PainkillerClone/Content/FirstPerson/Character/Materials/MaterialLayers/T_ML_Rubber_Blue_01_N.uasset" 29
"Q:/Users/GoLeM/Documents/Unreal Projects/PainkillerClone/Content/FirstPerson/Character/Materials/MaterialLayers/ML_GlossyBlack_Latex_UE4.uasset" 30
"Q:/Users/GoLeM/Documents/Unreal Projects/PainkillerClone/Content/FirstPerson/Character/Materials/MaterialLayers/ML_Plastic_Shiny_Beige.uasset" 31
"Q:/Users/GoLeM/Documents/Unreal Projects/PainkillerClone/Content/FirstPerson/Character/Materials/MaterialLayers/ML_Plastic_Shiny_Beige_LOGO.uasset" 32
"Q:/Users/GoLeM/Documents/Unreal Projects/PainkillerClone/Content/FirstPerson/Character/Materials/MaterialLayers/T_ML_Aluminum01.uasset" 33
"Q:/Users/GoLeM/Documents/Unreal Projects/PainkillerClone/Content/FirstPerson/Character/Materials/MaterialLayers/T_ML_Aluminum01_N.uasset" 34
"Q:/Users/GoLeM/Documents/Unreal Projects/PainkillerClone/Content/FirstPerson/Character/Materials/MaterialLayers/ML_SoftMetal_UE4.uasset" 35
"Q:/Users/GoLeM/Documents/Unreal Projects/PainkillerClone/Content/FirstPerson/Character/Materials/M_UE4Man_Body.uasset" 36
"Q:/Users/GoLeM/Documents/Unreal Projects/PainkillerClone/Content/FirstPerson/Character/Mesh/SK_Mannequin_Arms.uasset" 37
"Q:/Users/GoLeM/Documents/Unreal Projects/PainkillerClone/Content/FirstPersonBP/Blueprints/UI_HealthBar.uasset" 38
"../../../Engine/Content/BasicShapes/BasicShapeMaterial.uasset" 39
"Q:/Users/GoLeM/Documents/Unreal Projects/PainkillerClone/Content/FirstPersonBP/Blueprints/Bots/BotType.uasset" 40
"Q:/Users/GoLeM/Documents/Unreal Projects/PainkillerClone/Content/StarterContent/Textures/T_Smoke_Tiled_D.uasset" 41
"Q:/Users/GoLeM/Documents/Unreal Projects/PainkillerClone/Content/StarterContent/Textures/T_Smoke_SubUV.uasset" 42
"Q:/Users/GoLeM/Documents/Unreal Projects/PainkillerClone/Content/StarterContent/Particles/Materials/M_smoke_subUV.uasset" 43
"../../../Engine/Content/Functions/Engine_MaterialFunctions01/Gradient/RadialGradient.uasset" 44
"Q:/Users/GoLeM/Documents/Unreal Projects/PainkillerClone/Content/StarterContent/Particles/Materials/M_radial_ramp.uasset" 45
"Q:/Users/GoLeM/Documents/Unreal Projects/PainkillerClone/Content/StarterContent/Particles/Materials/m_flare_01.uasset" 46
"Q:/Users/GoLeM/Documents/Unreal Projects/PainkillerClone/Content/StarterContent/Textures/T_Explosion_SubUV.uasset" 47
"Q:/Users/GoLeM/Documents/Unreal Projects/PainkillerClone/Content/StarterContent/Particles/Materials/M_explosion_subUV.uasset" 48
"Q:/Users/GoLeM/Documents/Unreal Projects/PainkillerClone/Content/StarterContent/Textures/T_Burst_M.uasset" 49
"Q:/Users/GoLeM/Documents/Unreal Projects/PainkillerClone/Content/StarterContent/Particles/Materials/M_Burst.uasset" 50
"Q:/Users/GoLeM/Documents/Unreal Projects/PainkillerClone/Content/StarterContent/Particles/P_Explosion.uasset" 51
"../../../Engine/Content/Functions/Engine_MaterialFunctions01/Opacity/CameraDepthFade.uasset" 52
"../../../Engine/Content/EngineMaterials/T_Default_Material_Grid_N.uasset" 53
"../../../Engine/Content/EngineMaterials/T_Default_Material_Grid_M.uasset" 54
"../../../Engine/Content/EngineMaterials/DefaultMaterial.uasset" 55
"../../../Engine/Content/BasicShapes/Sphere.uasset" 56
"Q:/Users/GoLeM/Documents/Unreal Projects/PainkillerClone/Content/FirstPersonBP/Blueprints/BPI_Damageable.uasset" 57
"Q:/Users/GoLeM/Documents/Unreal Projects/PainkillerClone/Content/FirstPersonBP/Blueprints/Weapons/BulletBaseEnemy.uasset" 58
"Q:/Users/GoLeM/Documents/Unreal Projects/PainkillerClone/Content/FirstPersonBP/Blueprints/Bots/ShootingAttack.uasset" 59
"Q:/Users/GoLeM/Documents/Unreal Projects/PainkillerClone/Content/FirstPersonBP/Blueprints/Bots/MoveToShootRange.uasset" 60
"Q:/Users/GoLeM/Documents/Unreal Projects/PainkillerClone/Content/FirstPersonBP/Blueprints/Bots/IsPlayerInShootZone.uasset" 61
"Q:/Users/GoLeM/Documents/Unreal Projects/PainkillerClone/Content/FirstPersonBP/Blueprints/Bots/CanSeePlayer.uasset" 62
"Q:/Users/GoLeM/Documents/Unreal Projects/PainkillerClone/Content/FirstPersonBP/Blueprints/Bots/MeleeBot_Blackboard.uasset" 63
"Q:/Users/GoLeM/Documents/Unreal Projects/PainkillerClone/Content/FirstPersonBP/Blueprints/Bots/ShootBot_AI.uasset" 64
"Q:/Users/GoLeM/Documents/Unreal Projects/PainkillerClone/Content/FirstPersonBP/Blueprints/Bots/MeleeAttack.uasset" 65
"Q:/Users/GoLeM/Documents/Unreal Projects/PainkillerClone/Content/FirstPersonBP/Blueprints/Bots/IsPlayerInAttackZone.uasset" 66
"Q:/Users/GoLeM/Documents/Unreal Projects/PainkillerClone/Content/FirstPersonBP/Blueprints/Bots/MeleeBot_AI.uasset" 67
"Q:/Users/GoLeM/Documents/Unreal Projects/PainkillerClone/Content/FirstPersonBP/Blueprints/Bots/MeleeBot_AIController.uasset" 68
"Q:/Users/GoLeM/Documents/Unreal Projects/PainkillerClone/Content/Mannequin/Character/Mesh/SK_Mannequin_PhysicsAsset.uasset" 69
"Q:/Users/GoLeM/Documents/Unreal Projects/PainkillerClone/Content/Mannequin/Character/Textures/T_UE4Logo_N.uasset" 70
"Q:/Users/GoLeM/Documents/Unreal Projects/PainkillerClone/Content/Mannequin/Character/Textures/T_UE4Logo_Mask.uasset" 71
"Q:/Users/GoLeM/Documents/Unreal Projects/PainkillerClone/Content/Mannequin/Character/Textures/T_Male_N.uasset" 72
"Q:/Users/GoLeM/Documents/Unreal Projects/PainkillerClone/Content/Mannequin/Character/Textures/T_Male_Mask.uasset" 73
"Q:/Users/GoLeM/Documents/Unreal Projects/PainkillerClone/Content/Mannequin/Character/Materials/MaterialLayers/T_ML_Rubber_Blue_01_N.uasset" 74
"Q:/Users/GoLeM/Documents/Unreal Projects/PainkillerClone/Content/Mannequin/Character/Materials/MaterialLayers/T_ML_Rubber_Blue_01_D.uasset" 75
"Q:/Users/GoLeM/Documents/Unreal Projects/PainkillerClone/Content/Mannequin/Character/Materials/MaterialLayers/T_ML_Aluminum01_N.uasset" 76
"Q:/Users/GoLeM/Documents/Unreal Projects/PainkillerClone/Content/Mannequin/Character/Materials/MaterialLayers/T_ML_Aluminum01.uasset" 77
"Q:/Users/GoLeM/Documents/Unreal Projects/PainkillerClone/Content/Mannequin/Character/Materials/MaterialLayers/ML_SoftMetal_UE4.uasset" 78
"Q:/Users/GoLeM/Documents/Unreal Projects/PainkillerClone/Content/Mannequin/Character/Materials/MaterialLayers/ML_Plastic_Shiny_Beige_LOGO.uasset" 79
"Q:/Users/GoLeM/Documents/Unreal Projects/PainkillerClone/Content/Mannequin/Character/Materials/MaterialLayers/ML_Plastic_Shiny_Beige.uasset" 80
"Q:/Users/GoLeM/Documents/Unreal Projects/PainkillerClone/Content/Mannequin/Character/Materials/MaterialLayers/ML_GlossyBlack_Latex_UE4.uasset" 81
"Q:/Users/GoLeM/Documents/Unreal Projects/PainkillerClone/Content/Mannequin/Character/Materials/M_Male_Body.uasset" 82
"Q:/Users/GoLeM/Documents/Unreal Projects/PainkillerClone/Content/Mannequin/Character/Materials/M_UE4Man_ChestLogo.uasset" 83
"Q:/Users/GoLeM/Documents/Unreal Projects/PainkillerClone/Content/Mannequin/Character/Mesh/UE4_Mannequin_Skeleton.uasset" 84
"Q:/Users/GoLeM/Documents/Unreal Projects/PainkillerClone/Content/Mannequin/Character/Mesh/SK_Mannequin.uasset" 85
"Q:/Users/GoLeM/Documents/Unreal Projects/PainkillerClone/Content/Mannequin/Character/Materials/M_Male_Body_Inst.uasset" 86
"Q:/Users/GoLeM/Documents/Unreal Projects/PainkillerClone/Content/Mannequin/Animations/ThirdPersonWalk.uasset" 87
"Q:/Users/GoLeM/Documents/Unreal Projects/PainkillerClone/Content/Mannequin/Animations/ThirdPersonRun.uasset" 88
"Q:/Users/GoLeM/Documents/Unreal Projects/PainkillerClone/Content/Mannequin/Animations/ThirdPersonIdle.uasset" 89
"Q:/Users/GoLeM/Documents/Unreal Projects/PainkillerClone/Content/Mannequin/Animations/ThirdPerson_IdleRun_2D.uasset" 90
"Q:/Users/GoLeM/Documents/Unreal Projects/PainkillerClone/Content/Mannequin/Animations/ThirdPerson_Jump.uasset" 91
"Q:/Users/GoLeM/Documents/Unreal Projects/PainkillerClone/Content/Mannequin/Animations/ThirdPersonJump_Start.uasset" 92
"Q:/Users/GoLeM/Documents/Unreal Projects/PainkillerClone/Content/Mannequin/Animations/ThirdPersonJump_Loop.uasset" 93
"Q:/Users/GoLeM/Documents/Unreal Projects/PainkillerClone/Content/Mannequin/Animations/ThirdPerson_AnimBP.uasset" 94
"Q:/Users/GoLeM/Documents/Unreal Projects/PainkillerClone/Content/FirstPersonBP/Blueprints/Bots/Basebot.uasset" 95
"../../Plugins/FX/Niagara/Content/Enums/ENiagaraSystemInactiveMode.uasset" 96
"../../Plugins/FX/Niagara/Content/Enums/ENiagara_EmitterStateOptions.uasset" 97
"../../Plugins/FX/Niagara/Content/Functions/System/SystemChangeState.uasset" 98
"../../Plugins/FX/Niagara/Content/Modules/System/SystemState.uasset" 99
"../../Plugins/FX/Niagara/Content/Enums/ENiagaraRandomnessMode.uasset" 100
"../../Plugins/FX/Niagara/Content/Enums/ENiagaraInactiveMode.uasset" 101
"../../Plugins/FX/Niagara/Content/Enums/ENiagaraEmitterScalabilityMode_Limited.uasset" 102
"../../Plugins/FX/Niagara/Content/Enums/ENiagaraEmitterLifeCycleMode.uasset" 103
"../../Plugins/FX/Niagara/Content/Enums/ENiagaraChannelCorrelation.uasset" 104
"../../Plugins/FX/Niagara/Content/Enums/ENiagara_SpriteRotationMode.uasset" 105
"../../Plugins/FX/Niagara/Content/Enums/ENiagara_SizeScaleMode.uasset" 106
"../../Plugins/FX/Niagara/Content/Enums/ENiagara_PositionInitializationMode.uasset" 107
"../../Plugins/FX/Niagara/Content/Enums/ENiagara_MassInitializationMode.uasset" 108
"../../Plugins/FX/Niagara/Content/Enums/ENiagara_LifetimeMode.uasset" 109
"../../Plugins/FX/Niagara/Content/Enums/ENiagara_InfiniteLoopDuration.uasset" 110
"../../Plugins/FX/Niagara/Content/Enums/ENiagara_ColorInitializationMode.uasset" 111
"../../Plugins/FX/Niagara/Content/Modules/Update/Lifetime/ParticleState.uasset" 112
"../../Plugins/FX/Niagara/Content/Modules/Update/Color/Color.uasset" 113
"../../Plugins/FX/Niagara/Content/Enums/ENiagara_UVFlippingMode.uasset" 114
"../../Plugins/FX/Niagara/Content/Enums/ENiagaraRandomnessEvaluation.uasset" 115
"../../Plugins/FX/Niagara/Content/Functions/V2/CalculateRandomRange.uasset" 116
"../../Plugins/FX/Niagara/Content/Functions/V2/CalculateRandomRangeFloat.uasset" 117
"../../Plugins/FX/Niagara/Content/Functions/V2/CalculateRandomRangeInteger.uasset" 118
"../../Plugins/FX/Niagara/Content/Functions/V2/CalculateRandomBool.uasset" 119
"../../Plugins/FX/Niagara/Content/Enums/ENiagaraCoordinateSpace.uasset" 120
"../../Plugins/FX/Niagara/Content/Functions/Localspace/TransformBase.uasset" 121
"../../Plugins/FX/Niagara/Content/Functions/Localspace/TransformVector.uasset" 122
"../../Plugins/FX/Niagara/Content/Functions/LinearColor/HueShiftLinearColor.uasset" 123
"../../Plugins/FX/Niagara/Content/Functions/Localspace/SimulationPosition.uasset" 124
"../../Plugins/FX/Niagara/Content/Modules/Spawn/Initialization/V2/InitializeParticle.uasset" 125
"../../Plugins/FX/Niagara/Content/Functions/DirectionAndLengthSafe.uasset" 126
"../../Plugins/FX/Niagara/Content/Modules/Solvers/SolveForcesAndVelocity.uasset" 127
"../../Plugins/FX/Niagara/Content/Modules/Emitter/SpawnBurst_Instantaneous.uasset" 128
"../../Plugins/FX/Niagara/Content/Enums/ENiagaraExecutionStateManagement.uasset" 129
"../../Plugins/FX/Niagara/Content/Functions/Emitter/EmitterChangeState.uasset" 130
"../../Plugins/FX/Niagara/Content/Modules/Emitter/EmitterState.uasset" 131
"../../Plugins/FX/Niagara/Content/Functions/Spline/FindPositionOnBezierSpline.uasset" 132
"../../Plugins/FX/Niagara/Content/Modules/Beams/UpdateBeam.uasset" 133
"../../Plugins/FX/Niagara/Content/Functions/NormalizedExecutionIndex.uasset" 134
"../../Plugins/FX/Niagara/Content/Modules/Beams/SpawnBeam.uasset" 135
"../../Plugins/FX/Niagara/Content/Modules/Beams/BeamWidth.uasset" 136
"../../Plugins/FX/Niagara/Content/DynamicInputs/Multiply/Multiply_VectorByFloat.uasset" 137
"../../Plugins/FX/Niagara/Content/Functions/Localspace/TransformPosition.uasset" 138
"../../Plugins/FX/Niagara/Content/DynamicInputs/Helpers/SimulationPosition.uasset" 139
"../../Plugins/FX/Niagara/Content/Modules/Beams/BeamEmitterSetup.uasset" 140
"../../Plugins/FX/Niagara/Content/DynamicInputs/ValueFromCurve/FloatFromCurve.uasset" 141
"Q:/Users/GoLeM/Documents/Unreal Projects/PainkillerClone/Content/Effects/EffBase.uasset" 142
"Q:/Users/GoLeM/Documents/Unreal Projects/PainkillerClone/Content/Effects/EffBase_Inst.uasset" 143
"Q:/Users/GoLeM/Documents/Unreal Projects/PainkillerClone/Content/Effects/N_BulletProjectile.uasset" 144
"Q:/Users/GoLeM/Documents/Unreal Projects/PainkillerClone/Content/Effects/N_BulletProjectile_System.uasset" 145
"Q:/Users/GoLeM/Documents/Unreal Projects/PainkillerClone/Content/FirstPersonBP/Blueprints/Weapons/BulletBase.uasset" 146
"Q:/Users/GoLeM/Documents/Unreal Projects/PainkillerClone/Content/FirstPerson/FPWeapon/Materials/MaterialLayers/T_ML_Rubber_Blue_01_N.uasset" 147
"Q:/Users/GoLeM/Documents/Unreal Projects/PainkillerClone/Content/FirstPerson/FPWeapon/Materials/MaterialLayers/T_ML_Rubber_Blue_01_D.uasset" 148
"Q:/Users/GoLeM/Documents/Unreal Projects/PainkillerClone/Content/FirstPerson/FPWeapon/Materials/MaterialLayers/ML_GlossyBlack_Latex_UE4.uasset" 149
"Q:/Users/GoLeM/Documents/Unreal Projects/PainkillerClone/Content/FirstPerson/FPWeapon/Materials/MaterialLayers/ML_Plastic_Shiny_Beige.uasset" 150
"Q:/Users/GoLeM/Documents/Unreal Projects/PainkillerClone/Content/FirstPerson/FPWeapon/Textures/T_FPGun_N.uasset" 151
"Q:/Users/GoLeM/Documents/Unreal Projects/PainkillerClone/Content/FirstPerson/FPWeapon/Textures/T_FPGun_M.uasset" 152
"Q:/Users/GoLeM/Documents/Unreal Projects/PainkillerClone/Content/FirstPerson/FPWeapon/Materials/MaterialLayers/T_ML_Aluminum01_N.uasset" 153
"Q:/Users/GoLeM/Documents/Unreal Projects/PainkillerClone/Content/FirstPerson/FPWeapon/Materials/MaterialLayers/T_ML_Aluminum01.uasset" 154
"Q:/Users/GoLeM/Documents/Unreal Projects/PainkillerClone/Content/FirstPerson/FPWeapon/Materials/MaterialLayers/ML_SoftMetal_UE4.uasset" 155
"Q:/Users/GoLeM/Documents/Unreal Projects/PainkillerClone/Content/FirstPerson/FPWeapon/Materials/MaterialLayers/ML_Screen.uasset" 156
"Q:/Users/GoLeM/Documents/Unreal Projects/PainkillerClone/Content/FirstPerson/FPWeapon/Materials/M_FPGun.uasset" 157
"Q:/Users/GoLeM/Documents/Unreal Projects/PainkillerClone/Content/FirstPerson/FPWeapon/Mesh/SK_FPGun_Skeleton.uasset" 158
"Q:/Users/GoLeM/Documents/Unreal Projects/PainkillerClone/Content/FirstPerson/FPWeapon/Mesh/SK_FPGun.uasset" 159
"Q:/Users/GoLeM/Documents/Unreal Projects/PainkillerClone/Content/FirstPerson/FPWeapon/Materials/M_FPGun_Inst.uasset" 160
"Q:/Users/GoLeM/Documents/Unreal Projects/PainkillerClone/Content/FirstPersonBP/Blueprints/Weapons/GunBase.uasset" 161
"Q:/Users/GoLeM/Documents/Unreal Projects/PainkillerClone/Content/FirstPersonBP/Blueprints/UI_Ammo.uasset" 162
"Q:/Users/GoLeM/Documents/Unreal Projects/PainkillerClone/Content/FirstPersonBP/Blueprints/SaveSystem/Save1.uasset" 163
"Q:/Users/GoLeM/Documents/Unreal Projects/PainkillerClone/Content/FirstPersonBP/Blueprints/EndLevelMenu.uasset" 164
"Q:/Users/GoLeM/Documents/Unreal Projects/PainkillerClone/Content/FirstPersonBP/Blueprints/LevelMech/Spawner.uasset" 165
"../../../Engine/Content/BasicShapes/Cylinder.uasset" 166
"../../../Engine/Content/EngineMaterials/WorldGridMaterial.uasset" 167
"../../../Engine/Content/BasicShapes/Cube.uasset" 168
"Q:/Users/GoLeM/Documents/Unreal Projects/PainkillerClone/Content/FirstPersonBP/Blueprints/Items/AmmoMatBase.uasset" 169
"Q:/Users/GoLeM/Documents/Unreal Projects/PainkillerClone/Content/FirstPersonBP/Blueprints/Items/AmmoMatBase_Inst.uasset" 170
"Q:/Users/GoLeM/Documents/Unreal Projects/PainkillerClone/Content/StarterContent/Textures/T_Door_N.uasset" 171
"Q:/Users/GoLeM/Documents/Unreal Projects/PainkillerClone/Content/StarterContent/Textures/T_Door_M.uasset" 172
"Q:/Users/GoLeM/Documents/Unreal Projects/PainkillerClone/Content/StarterContent/Props/Materials/M_Door.uasset" 173
"Q:/Users/GoLeM/Documents/Unreal Projects/PainkillerClone/Content/FirstPersonBP/Blueprints/Items/HealthItemMat1.uasset" 174
"Q:/Users/GoLeM/Documents/Unreal Projects/PainkillerClone/Content/Audio/TakeWeapon.uasset" 175
"Q:/Users/GoLeM/Documents/Unreal Projects/PainkillerClone/Content/FirstPersonBP/Blueprints/Items/NotDecayItems/AmmoItemNT.uasset" 176
"Q:/Users/GoLeM/Documents/Unreal Projects/PainkillerClone/Content/StarterContent/Textures/T_MacroVariation.uasset" 177
"Q:/Users/GoLeM/Documents/Unreal Projects/PainkillerClone/Content/StarterContent/Textures/T_Metal_Gold_N.uasset" 178
"Q:/Users/GoLeM/Documents/Unreal Projects/PainkillerClone/Content/StarterContent/Textures/T_Metal_Aluminum_D.uasset" 179
"Q:/Users/GoLeM/Documents/Unreal Projects/PainkillerClone/Content/StarterContent/Materials/M_Metal_Burnished_Steel.uasset" 180
"Q:/Users/GoLeM/Documents/Unreal Projects/PainkillerClone/Content/Geometry/Meshes/SawBlade.uasset" 181
"Q:/Users/GoLeM/Documents/Unreal Projects/PainkillerClone/Content/FirstPersonBP/Blueprints/Weapons/GunBase_Melee.uasset" 182
"Q:/Users/GoLeM/Documents/Unreal Projects/PainkillerClone/Content/FirstPersonBP/Blueprints/Items/WeaponUnlockBase.uasset" 183
"Q:/Users/GoLeM/Documents/Unreal Projects/PainkillerClone/Content/FirstPersonBP/Blueprints/DeathMenu.uasset" 184
"Q:/Users/GoLeM/Documents/Unreal Projects/PainkillerClone/Content/FirstPersonBP/Blueprints/FirstPersonCharacter.uasset" 185
"Q:/Users/GoLeM/Documents/Unreal Projects/PainkillerClone/Content/FirstPersonBP/Blueprints/FirstPersonGameMode.uasset" 186
"Q:/Users/GoLeM/Documents/Unreal Projects/PainkillerClone/Content/FirstPersonBP/Blueprints/GunBase_Melee.uasset" 187
"Q:/Users/GoLeM/Documents/Unreal Projects/PainkillerClone/Content/FirstPersonBP/Blueprints/Weapons/BulletShotGun.uasset" 188
"Q:/Users/GoLeM/Documents/Unreal Projects/PainkillerClone/Content/Audio/ShotgunShot.uasset" 189
"Q:/Users/GoLeM/Documents/Unreal Projects/PainkillerClone/Content/FirstPersonBP/Blueprints/Weapons/GunBase_ShotGun.uasset" 190
"Q:/Users/GoLeM/Documents/Unreal Projects/PainkillerClone/Content/FirstPersonBP/Blueprints/GunBase_ShotGun.uasset" 191
"Q:/Users/GoLeM/Documents/Unreal Projects/PainkillerClone/Content/FirstPersonBP/Blueprints/WeaponUnlockBase.uasset" 192
"Q:/Users/GoLeM/Documents/Unreal Projects/PainkillerClone/Content/FirstPersonBP/Blueprints/Items/WeaponUnlockMelee.uasset" 193
"Q:/Users/GoLeM/Documents/Unreal Projects/PainkillerClone/Content/FirstPersonBP/Blueprints/WeaponUnlockMelee.uasset" 194
"Q:/Users/GoLeM/Documents/Unreal Projects/PainkillerClone/Content/FirstPersonBP/Blueprints/Weapons/BulletSniper.uasset" 195
"Q:/Users/GoLeM/Documents/Unreal Projects/PainkillerClone/Content/FirstPersonBP/Blueprints/Weapons/GunBase_Sniper.uasset" 196
"Q:/Users/GoLeM/Documents/Unreal Projects/PainkillerClone/Content/FirstPersonBP/Blueprints/Items/WeaponUnlockSniper.uasset" 197
"Q:/Users/GoLeM/Documents/Unreal Projects/PainkillerClone/Content/FirstPersonBP/Blueprints/WeaponUnlockSniper.uasset" 198
"Q:/Users/GoLeM/Documents/Unreal Projects/PainkillerClone/Content/FirstPersonBP/Blueprints/Bots/BP_DamageZone.uasset" 199
"Q:/Users/GoLeM/Documents/Unreal Projects/PainkillerClone/Content/FirstPersonBP/Blueprints/Items/HealthItemMat.uasset" 200
"Q:/Users/GoLeM/Documents/Unreal Projects/PainkillerClone/Content/Audio/takeHealth.uasset" 201
"Q:/Users/GoLeM/Documents/Unreal Projects/PainkillerClone/Content/FirstPersonBP/Blueprints/Items/HealthItemBase.uasset" 202
"Q:/Users/GoLeM/Documents/Unreal Projects/PainkillerClone/Content/FirstPersonBP/Blueprints/Items/HealthItem.uasset" 203
"Q:/Users/GoLeM/Documents/Unreal Projects/PainkillerClone/Content/Geometry/Meshes/Saw_Blade.uasset" 204
"Q:/Users/GoLeM/Documents/Unreal Projects/PainkillerClone/Content/Mannequin/Animations/ThirdPersonJump_End.uasset" 205
"Q:/Users/GoLeM/Documents/Unreal Projects/PainkillerClone/Content/Mannequin/Character/Mesh/SK_Mannequin_Female_PhysicsAsset.uasset" 206
"Q:/Users/GoLeM/Documents/Unreal Projects/PainkillerClone/Content/Mannequin/Character/Textures/T_Female_N.uasset" 207
"Q:/Users/GoLeM/Documents/Unreal Projects/PainkillerClone/Content/Mannequin/Character/Textures/T_Female_Mask.uasset" 208
"Q:/Users/GoLeM/Documents/Unreal Projects/PainkillerClone/Content/Mannequin/Character/Materials/MI_Female_Body.uasset" 209
"Q:/Users/GoLeM/Documents/Unreal Projects/PainkillerClone/Content/Mannequin/Character/Mesh/SK_Mannequin_Female.uasset" 210
"Q:/Users/GoLeM/Documents/Unreal Projects/PainkillerClone/Content/StarterContent/Materials/M_Basic_Wall.uasset" 211
"Q:/Users/GoLeM/Documents/Unreal Projects/PainkillerClone/Content/StarterContent/Architecture/Pillar_50x500.uasset" 212
"Q:/Users/GoLeM/Documents/Unreal Projects/PainkillerClone/Content/StarterContent/Architecture/Wall_400x300.uasset" 213
"Q:/Users/GoLeM/Documents/Unreal Projects/PainkillerClone/Content/StarterContent/Architecture/Wall_400x400.uasset" 214
"Q:/Users/GoLeM/Documents/Unreal Projects/PainkillerClone/Content/StarterContent/Architecture/Wall_500x500.uasset" 215
"Q:/Users/GoLeM/Documents/Unreal Projects/PainkillerClone/Content/StarterContent/Architecture/Wall_Door_400x400.uasset" 216
"Q:/Users/GoLeM/Documents/Unreal Projects/PainkillerClone/Content/StarterContent/Architecture/Wall_Window_400x400.uasset" 217
"Q:/Users/GoLeM/Documents/Unreal Projects/PainkillerClone/Content/StarterContent/Audio/Collapse01.uasset" 218
"Q:/Users/GoLeM/Documents/Unreal Projects/PainkillerClone/Content/StarterContent/Audio/Collapse02.uasset" 219
"Q:/Users/GoLeM/Documents/Unreal Projects/PainkillerClone/Content/StarterContent/Audio/Explosion01.uasset" 220
"Q:/Users/GoLeM/Documents/Unreal Projects/PainkillerClone/Content/StarterContent/Audio/Explosion02.uasset" 221
"Q:/Users/GoLeM/Documents/Unreal Projects/PainkillerClone/Content/StarterContent/Audio/Fire01.uasset" 222
"Q:/Users/GoLeM/Documents/Unreal Projects/PainkillerClone/Content/StarterContent/Audio/Fire_Sparks01.uasset" 223
"Q:/Users/GoLeM/Documents/Unreal Projects/PainkillerClone/Content/StarterContent/Audio/Light01.uasset" 224
"Q:/Users/GoLeM/Documents/Unreal Projects/PainkillerClone/Content/StarterContent/Audio/Light01_Cue.uasset" 225
"Q:/Users/GoLeM/Documents/Unreal Projects/PainkillerClone/Content/StarterContent/Audio/Light02.uasset" 226
"Q:/Users/GoLeM/Documents/Unreal Projects/PainkillerClone/Content/StarterContent/Audio/Light02_Cue.uasset" 227
"Q:/Users/GoLeM/Documents/Unreal Projects/PainkillerClone/Content/StarterContent/Audio/Smoke01.uasset" 228
"Q:/Users/GoLeM/Documents/Unreal Projects/PainkillerClone/Content/StarterContent/Audio/Starter_Birds01.uasset" 229
"Q:/Users/GoLeM/Documents/Unreal Projects/PainkillerClone/Content/StarterContent/Audio/Starter_Music01.uasset" 230
"Q:/Users/GoLeM/Documents/Unreal Projects/PainkillerClone/Content/StarterContent/Audio/Starter_Wind05.uasset" 231
"Q:/Users/GoLeM/Documents/Unreal Projects/PainkillerClone/Content/StarterContent/Audio/Starter_Wind06.uasset" 232
"Q:/Users/GoLeM/Documents/Unreal Projects/PainkillerClone/Content/StarterContent/Audio/Steam01.uasset" 233
"Q:/Users/GoLeM/Documents/Unreal Projects/PainkillerClone/Content/StarterContent/Audio/Explosion_Cue.uasset" 234
"Q:/Users/GoLeM/Documents/Unreal Projects/PainkillerClone/Content/StarterContent/Blueprints/Blueprint_Effect_Explosion.uasset" 235
"../../../Engine/Content/EditorMeshes/ColorCalibrator/T_ColorGrid.uasset" 236
"Q:/Users/GoLeM/Documents/Unreal Projects/PainkillerClone/Content/StarterContent/Materials/M_ColorGrid_LowSpec.uasset" 237
"Q:/Users/GoLeM/Documents/Unreal Projects/PainkillerClone/Content/FirstPersonBP/Blueprints/Items/HealthItem_Child.uasset" 238
"../../../Engine/Content/BasicShapes/Cone.uasset" 239
"Q:/Users/GoLeM/Documents/Unreal Projects/PainkillerClone/Content/FirstPersonBP/Blueprints/Items/ArmorItemMat.uasset" 240
"Q:/Users/GoLeM/Documents/Unreal Projects/PainkillerClone/Content/FirstPersonBP/Blueprints/Items/ArmorItemBase.uasset" 241
"Q:/Users/GoLeM/Documents/Unreal Projects/PainkillerClone/Content/FirstPersonBP/Blueprints/Items/AmmoItemBase.uasset" 242
"Q:/Users/GoLeM/Documents/Unreal Projects/PainkillerClone/Content/FirstPersonBP/Blueprints/Items/AmmoItem_Sniper.uasset" 243
"Q:/Users/GoLeM/Documents/Unreal Projects/PainkillerClone/Content/FirstPersonBP/Blueprints/Items/AmmoItem_Shotgun.uasset" 244
"Q:/Users/GoLeM/Documents/Unreal Projects/PainkillerClone/Content/FirstPersonBP/Blueprints/Items/AmmoItem_Melee.uasset" 245
"Q:/Users/GoLeM/Documents/Unreal Projects/PainkillerClone/Content/StarterContent/Textures/T_Spark_Core.uasset" 246
"Q:/Users/GoLeM/Documents/Unreal Projects/PainkillerClone/Content/StarterContent/Particles/Materials/M_Spark.uasset" 247
"Q:/Users/GoLeM/Documents/Unreal Projects/PainkillerClone/Content/StarterContent/Particles/Materials/M_Radial_Gradient.uasset" 248
"Q:/Users/GoLeM/Documents/Unreal Projects/PainkillerClone/Content/StarterContent/Particles/P_Sparks.uasset" 249
"Q:/Users/GoLeM/Documents/Unreal Projects/PainkillerClone/Content/Effects/SpawnEffect.uasset" 250
"Q:/Users/GoLeM/Documents/Unreal Projects/PainkillerClone/Content/Audio/Spawn.uasset" 251
"Q:/Users/GoLeM/Documents/Unreal Projects/PainkillerClone/Content/FirstPersonBP/Blueprints/Bots/MeleeBotBased.uasset" 252
"Q:/Users/GoLeM/Documents/Unreal Projects/PainkillerClone/Content/FirstPersonBP/Blueprints/Bots/MeleeBotBase_Child.uasset" 253
"Q:/Users/GoLeM/Documents/Unreal Projects/PainkillerClone/Content/StarterContent/Textures/T_Bush_N.uasset" 254
"Q:/Users/GoLeM/Documents/Unreal Projects/PainkillerClone/Content/StarterContent/Textures/T_Bush_D.uasset" 255
"Q:/Users/GoLeM/Documents/Unreal Projects/PainkillerClone/Content/StarterContent/Props/Materials/M_Bush.uasset" 256
"Q:/Users/GoLeM/Documents/Unreal Projects/PainkillerClone/Content/StarterContent/Props/SM_Bush.uasset" 257
"Q:/Users/GoLeM/Documents/Unreal Projects/PainkillerClone/Content/StarterContent/Textures/T_Chair_N.uasset" 258
"Q:/Users/GoLeM/Documents/Unreal Projects/PainkillerClone/Content/StarterContent/Textures/T_Chair_M.uasset" 259
"Q:/Users/GoLeM/Documents/Unreal Projects/PainkillerClone/Content/StarterContent/Props/Materials/M_Chair.uasset" 260
"Q:/Users/GoLeM/Documents/Unreal Projects/PainkillerClone/Content/StarterContent/Props/SM_Couch.uasset" 261
"Q:/Users/GoLeM/Documents/Unreal Projects/PainkillerClone/Content/StarterContent/Materials/M_Glass.uasset" 262
"Q:/Users/GoLeM/Documents/Unreal Projects/PainkillerClone/Content/StarterContent/Props/SM_Door.uasset" 263
"Q:/Users/GoLeM/Documents/Unreal Projects/PainkillerClone/Content/StarterContent/Props/Materials/M_MaterialSphere_Plain.uasset" 264
"Q:/Users/GoLeM/Documents/Unreal Projects/PainkillerClone/Content/StarterContent/Props/Materials/M_MaterialSphere.uasset" 265
"Q:/Users/GoLeM/Documents/Unreal Projects/PainkillerClone/Content/StarterContent/Props/SM_MatPreviewMesh_02.uasset" 266
"Q:/Users/GoLeM/Documents/Unreal Projects/PainkillerClone/Content/StarterContent/Textures/T_RockMesh_N.uasset" 267
"Q:/Users/GoLeM/Documents/Unreal Projects/PainkillerClone/Content/StarterContent/Textures/T_RockMesh_M.uasset" 268
"Q:/Users/GoLeM/Documents/Unreal Projects/PainkillerClone/Content/StarterContent/Textures/T_Rock_Basalt_D.uasset" 269
"Q:/Users/GoLeM/Documents/Unreal Projects/PainkillerClone/Content/StarterContent/Textures/T_Detail_Rocky_N.uasset" 270
"Q:/Users/GoLeM/Documents/Unreal Projects/PainkillerClone/Content/StarterContent/Props/Materials/M_Rock.uasset" 271
"Q:/Users/GoLeM/Documents/Unreal Projects/PainkillerClone/Content/StarterContent/Props/SM_Rock.uasset" 272
"Q:/Users/GoLeM/Documents/Unreal Projects/PainkillerClone/Content/StarterContent/Textures/T_Shelf_N.uasset" 273
"Q:/Users/GoLeM/Documents/Unreal Projects/PainkillerClone/Content/StarterContent/Textures/T_Shelf_M.uasset" 274
"Q:/Users/GoLeM/Documents/Unreal Projects/PainkillerClone/Content/StarterContent/Props/Materials/M_Shelf.uasset" 275
"Q:/Users/GoLeM/Documents/Unreal Projects/PainkillerClone/Content/StarterContent/Props/SM_Shelf.uasset" 276
"Q:/Users/GoLeM/Documents/Unreal Projects/PainkillerClone/Content/StarterContent/Materials/M_Basic_Floor.uasset" 277
"Q:/Users/GoLeM/Documents/Unreal Projects/PainkillerClone/Content/StarterContent/Props/SM_Stairs.uasset" 278
"Q:/Users/GoLeM/Documents/Unreal Projects/PainkillerClone/Content/StarterContent/Shapes/Shape_Cone.uasset" 279
"Q:/Users/GoLeM/Documents/Unreal Projects/PainkillerClone/Content/StarterContent/Shapes/Shape_Cylinder.uasset" 280
"Q:/Users/GoLeM/Documents/Unreal Projects/PainkillerClone/Content/StarterContent/Shapes/Shape_NarrowCapsule.uasset" 281
"Q:/Users/GoLeM/Documents/Unreal Projects/PainkillerClone/Content/StarterContent/Shapes/Shape_Pipe.uasset" 282
"Q:/Users/GoLeM/Documents/Unreal Projects/PainkillerClone/Content/StarterContent/Shapes/Shape_Pipe_180.uasset" 283
"Q:/Users/GoLeM/Documents/Unreal Projects/PainkillerClone/Content/StarterContent/Shapes/Shape_Pipe_90.uasset" 284
"Q:/Users/GoLeM/Documents/Unreal Projects/PainkillerClone/Content/StarterContent/Shapes/Shape_Plane.uasset" 285
"Q:/Users/GoLeM/Documents/Unreal Projects/PainkillerClone/Content/StarterContent/Shapes/Shape_Torus.uasset" 286
"Q:/Users/GoLeM/Documents/Unreal Projects/PainkillerClone/Content/StarterContent/Shapes/Shape_Trim.uasset" 287
"Q:/Users/GoLeM/Documents/Unreal Projects/PainkillerClone/Content/StarterContent/Shapes/Shape_Trim_90_In.uasset" 288
"Q:/Users/GoLeM/Documents/Unreal Projects/PainkillerClone/Content/StarterContent/Shapes/Shape_Trim_90_Out.uasset" 289
"Q:/Users/GoLeM/Documents/Unreal Projects/PainkillerClone/Content/StarterContent/Shapes/Shape_TriPyramid.uasset" 290
"Q:/Users/GoLeM/Documents/Unreal Projects/PainkillerClone/Content/StarterContent/Shapes/Shape_Tube.uasset" 291
"Q:/Users/GoLeM/Documents/Unreal Projects/PainkillerClone/Content/StarterContent/Shapes/Shape_Wedge_A.uasset" 292
"Q:/Users/GoLeM/Documents/Unreal Projects/PainkillerClone/Content/StarterContent/Shapes/Shape_Wedge_B.uasset" 293
"Q:/Users/GoLeM/Documents/Unreal Projects/PainkillerClone/Content/StarterContent/Shapes/Shape_WideCapsule.uasset" 294
"Q:/Users/GoLeM/Documents/Unreal Projects/PainkillerClone/Content/ThirdPersonBP/ThirdPersonOverview.uasset" 295
"Q:/Users/GoLeM/Documents/Unreal Projects/PainkillerClone/Content/ThirdPersonBP/Blueprints/ThirdPersonCharacter.uasset" 296
"Q:/Users/GoLeM/Documents/Unreal Projects/PainkillerClone/Content/ThirdPersonBP/Blueprints/ThirdPersonGameMode.uasset" 297
"../../../Engine/Content/Animation/DefaultAnimBoneCompressionSettings.uasset" 298
"../../../Engine/Content/Animation/DefaultAnimCurveCompressionSettings.uasset" 299
"../../../Engine/Content/ArtTools/RenderToTexture/Meshes/S_1_Unit_Plane.uasset" 300
"../../../Engine/Content/BasicShapes/Plane.uasset" 301
"../../../Engine/Content/EditorLandscapeResources/DataLayer.uasset" 302
"../../../Engine/Content/EditorLandscapeResources/DefaultAlphaTexture.uasset" 303
"../../../Engine/Content/EditorMaterials/MAT_Groups_Toggle.uasset" 304
"../../../Engine/Content/EditorMaterials/MAT_Groups_Visibility.uasset" 305
"../../../Engine/Content/EditorMaterials/PreviewShadowIndicator.uasset" 306
"../../../Engine/Content/EditorMaterials/PreviewShadowIndicatorMaterial.uasset" 307
"../../../Engine/Content/EditorMaterials/MatineeGroups/MAT_ColorTrack.uasset" 308
"../../../Engine/Content/EditorMaterials/MatineeGroups/MAT_Groups_Anim.uasset" 309
"../../../Engine/Content/EditorMaterials/MatineeGroups/MAT_Groups_AudioMaster.uasset" 310
"../../../Engine/Content/EditorMaterials/MatineeGroups/MAT_Groups_Director.uasset" 311
"../../../Engine/Content/EditorMaterials/MatineeGroups/MAT_Groups_Event.uasset" 312
"../../../Engine/Content/EditorMaterials/MatineeGroups/MAT_Groups_Fade.uasset" 313
"../../../Engine/Content/EditorMaterials/MatineeGroups/MAT_Groups_Float.uasset" 314
"../../../Engine/Content/EditorMaterials/MatineeGroups/MAT_Groups_Move.uasset" 315
"../../../Engine/Content/EditorMaterials/MatineeGroups/MAT_Groups_Slomo.uasset" 316
"../../../Engine/Content/EditorMaterials/MatineeGroups/MAT_Groups_Sound.uasset" 317
"../../../Engine/Content/EditorMaterials/MatineeGroups/MAT_Groups_Vector.uasset" 318
"../../../Engine/Content/EditorMaterials/ParticleSystems/PSysThumbnail_NoImage.uasset" 319
"../../../Engine/Content/EditorMaterials/ParticleSystems/PSysThumbnail_OOD.uasset" 320
"../../../Engine/Content/EditorMaterials/Camera/CineMat.uasset" 321
"../../../Engine/Content/EditorMaterials/Camera/MI_CineMat_Rig.uasset" 322
"../../../Engine/Content/EditorMeshes/Camera/SM_CraneRig_Arm.uasset" 323
"../../../Engine/Content/EditorMeshes/Camera/SM_CraneRig_Base.uasset" 324
"../../../Engine/Content/EditorMeshes/Camera/SM_CraneRig_Body.uasset" 325
"../../../Engine/Content/EditorMeshes/Camera/SM_CraneRig_Mount.uasset" 326
"../../../Engine/Content/EditorMeshes/Camera/SM_RailRig_Mount.uasset" 327
"../../../Engine/Content/EditorMeshes/Camera/SM_RailRig_Track.uasset" 328
"../../../Engine/Content/EditorResources/BSPVertex.uasset" 329
"../../../Engine/Content/EditorResources/EmptyActor.uasset" 330
"../../../Engine/Content/EditorResources/S_Actor.uasset" 331
"../../../Engine/Content/EditorResources/S_Note.uasset" 332
"../../../Engine/Content/EditorResources/S_Solver.uasset" 333
"../../../Engine/Content/EditorResources/S_Terrain.uasset" 334
"../../../Engine/Content/EditorResources/S_Trigger.uasset" 335
"../../../Engine/Content/EditorResources/AudioIcons/S_AudioComponent.uasset" 336
"../../../Engine/Content/EditorResources/AudioIcons/S_AudioComponent_AutoActivate.uasset" 337
"../../../Engine/Content/EditorResources/LightIcons/S_LightError.uasset" 338
"../../../Engine/Content/EditorResources/SequenceRecorder/Countdown.uasset" 339
"../../../Engine/Content/EditorResources/SequenceRecorder/RecordingIndicator.uasset" 340
"../../../Engine/Content/EngineDamageTypes/DmgTypeBP_Environmental.uasset" 341
"../../../Engine/Content/EngineDebugMaterials/DebugEditorMaterial.uasset" 342
"../../../Engine/Content/EngineDebugMaterials/DebugMeshMaterial.uasset" 343
"../../../Engine/Content/EngineDebugMaterials/M_SimpleUnlitTranslucent.uasset" 344
"../../../Engine/Content/EngineDebugMaterials/VolumeToRender.uasset" 345
"../../../Engine/Content/Functions/Engine_MaterialFunctions02/Utility/CameraDirectionVector.uasset" 346
"../../../Engine/Content/EngineDebugMaterials/M_VolumeRenderSphereTracePP.uasset" 347
"../../../Engine/Content/Functions/Engine_MaterialFunctions01/Shading/ConvertFromDiffSpec.uasset" 348
"../../../Engine/Content/EngineDebugMaterials/VertexColorMaterial.uasset" 349
"../../../Engine/Content/EngineDebugMaterials/WireframeMaterial.uasset" 350
"../../../Engine/Content/EngineFonts/Faces/RobotoRegular.uasset" 351
"../../../Engine/Content/EngineFonts/Faces/RobotoLight.uasset" 352
"../../../Engine/Content/EngineFonts/Faces/RobotoItalic.uasset" 353
"../../../Engine/Content/EngineFonts/Faces/RobotoBoldItalic.uasset" 354
"../../../Engine/Content/EngineFonts/Faces/RobotoBold.uasset" 355
"../../../Engine/Content/EngineFonts/Faces/DroidSansFallback.uasset" 356
"../../../Engine/Content/EngineFonts/Roboto.uasset" 357
"../../../Engine/Content/EngineMaterials/BaseFlattenNormalMap.uasset" 358
"../../../Engine/Content/EngineMaterials/BaseFlattenGrayscaleMap.uasset" 359
"../../../Engine/Content/EngineMaterials/BaseFlattenEmissiveMap.uasset" 360
"../../../Engine/Content/EngineMaterials/BaseFlattenDiffuseMap.uasset" 361
"../../../Engine/Content/EngineMaterials/BaseFlattenMaterial.uasset" 362
"../../../Engine/Content/EngineMaterials/BlueNoise.uasset" 363
"../../../Engine/Content/EngineMaterials/DefaultBloomKernel.uasset" 364
"../../../Engine/Content/EngineMaterials/DefaultBokeh.uasset" 365
"../../../Engine/Content/EngineMaterials/DefaultDiffuse.uasset" 366
"../../../Engine/Content/EngineMaterials/DefaultDeferredDecalMaterial.uasset" 367
"../../../Engine/Content/EngineMaterials/DefaultLightFunctionMaterial.uasset" 368
"../../../Engine/Content/EngineMaterials/DefaultPhysicalMaterial.uasset" 369
"../../../Engine/Content/Functions/Engine_MaterialFunctions02/Utility/BreakOutFloat2Components.uasset" 370
"../../../Engine/Content/EngineMaterials/DefaultPostProcessMaterial.uasset" 371
"../../../Engine/Content/EngineFonts/RobotoDistanceField.uasset" 372
"../../../Engine/Content/EngineMaterials/DefaultTextMaterialOpaque.uasset" 373
"../../../Engine/Content/EngineMaterials/DefaultWhiteGrid.uasset" 374
"../../../Engine/Content/EngineMaterials/DefaultWhiteGrid_Low.uasset" 375
"../../../Engine/Content/EngineMaterials/EmissiveMeshMaterial.uasset" 376
"../../../Engine/Content/EngineMaterials/GizmoMaterial.uasset" 377
"../../../Engine/Content/EngineMaterials/Good64x64TilingNoiseHighFreq.uasset" 378
"../../../Engine/Content/EngineMaterials/MiniFont.uasset" 379
"../../../Engine/Content/EngineMaterials/InvalidLightmapSettings.uasset" 380
"../../../Engine/Content/EngineMaterials/M_InvalidLightmapSettings.uasset" 381
"../../../Engine/Content/Functions/Engine_MaterialFunctions02/WorldPositionOffset/CameraOffset.uasset" 382
"../../../Engine/Content/EngineMaterials/PhAT_JointLimitMaterial.uasset" 383
"../../../Engine/Content/EngineMaterials/PreintegratedSkinBRDF.uasset" 384
"../../../Engine/Content/EngineMaterials/RemoveSurfaceMaterial.uasset" 385
"../../../Engine/Content/EngineMaterials/WeightMapPlaceholderTexture.uasset" 386
"../../../Engine/Content/EngineResources/WhiteSquareTexture.uasset" 387
"../../../Engine/Content/EngineMaterials/Widget3DPassThrough.uasset" 388
"../../../Engine/Content/EngineMaterials/Widget3DPassThrough_Masked.uasset" 389
"../../../Engine/Content/EngineMaterials/Widget3DPassThrough_Opaque.uasset" 390
"../../../Engine/Content/EngineMaterials/Widget3DPassThrough_Masked_OneSided.uasset" 391
"../../../Engine/Content/EngineMaterials/Widget3DPassThrough_Opaque_OneSided.uasset" 392
"../../../Engine/Content/EngineMaterials/Widget3DPassThrough_Translucent.uasset" 393
"../../../Engine/Content/EngineMaterials/Widget3DPassThrough_Translucent_OneSided.uasset" 394
"../../../Engine/Content/EngineMeshes/Cylinder.uasset" 395
"../../../Engine/Content/EngineMeshes/Sphere.uasset" 396
"../../../Engine/Content/EngineResources/Black.uasset" 397
"../../../Engine/Content/EngineResources/DefaultTextureCube.uasset" 398
"../../../Engine/Content/EngineResources/DefaultVolumeTexture2D.uasset" 399
"../../../Engine/Content/EngineResources/DefaultVolumeTexture.uasset" 400
"../../../Engine/Content/EngineResources/GradientTexture0.uasset" 401
"../../../Engine/Content/EngineSky/VolumetricClouds/T_NoiseShape64.uasset" 402
"../../../Engine/Content/EngineSky/VolumetricClouds/T_VolumeNoiseShape64.uasset" 403
"../../../Engine/Content/EngineSky/VolumetricClouds/T_NoiseErosion.uasset" 404
"../../../Engine/Content/EngineSky/VolumetricClouds/T_VolumeNoiseErosion32.uasset" 405
"../../../Engine/Content/EngineSky/VolumetricClouds/CloudWeatherTexture.uasset" 406
"../../../Engine/Content/EngineSky/VolumetricClouds/CloudGradientTexture.uasset" 407
"../../../Engine/Content/Functions/Engine_MaterialFunctions02/Utility/MakeFloat2.uasset" 408
"../../../Engine/Content/EngineSky/VolumetricClouds/m_SimpleVolumetricCloud.uasset" 409
"../../../Engine/Content/EngineSky/VolumetricClouds/m_SimpleVolumetricCloud_Inst.uasset" 410
"../../../Engine/Content/EngineSounds/Master.uasset" 411
"../../../Engine/Content/Functions/Engine_MaterialFunctions01/Shading/PowerToRoughness.uasset" 412
"../../../Engine/Content/Maps/Templates/Thumbnails/Default.uasset" 413
"../../../Engine/Content/Maps/Templates/Thumbnails/TimeOfDay.uasset" 414
"../../../Engine/Content/Maps/Templates/Thumbnails/VR-Basic.uasset" 415
"../../../Engine/Content/MobileResources/T_MobileControls_texture.uasset" 416
"../../../Engine/Content/MobileResources/T_MobileMenu2.uasset" 417
"../../../Engine/Content/MobileResources/HUD/AnalogHat.uasset" 418
"../../../Engine/Content/MobileResources/HUD/VirtualJoystick_Thumb.uasset" 419
"../../../Engine/Content/MobileResources/HUD/VirtualJoystick_Background.uasset" 420
"../../../Engine/Content/MobileResources/HUD/DefaultVirtualJoysticks.uasset" 421
"../../../Engine/Content/MobileResources/HUD/LeftVirtualJoystickOnly.uasset" 422
"../../../Engine/Content/MobileResources/HUD/MobileHUDButton1_off.uasset" 423
"../../../Engine/Content/MobileResources/HUD/MobileHUDButton1_on.uasset" 424
"../../../Engine/Content/MobileResources/HUD/MobileHUDButton2_off.uasset" 425
"../../../Engine/Content/MobileResources/HUD/MobileHUDButton2_on.uasset" 426
"../../../Engine/Content/MobileResources/HUD/MobileHUDButton3.uasset" 427
"../../../Engine/Content/MobileResources/HUD/MobileHUDButtonFire.uasset" 428
"../../../Engine/Content/MobileResources/HUD/MobileHUDDirectionPad.uasset" 429
"../../../Engine/Content/MobileResources/HUD/MobileHUDDirectionPad2.uasset" 430
"../../../Engine/Content/MobileResources/HUD/MobileHUDDirectionPad3.uasset" 431
"../../../Engine/Content/MobileResources/HUD/MobileHUDDirectionStick.uasset" 432
"../../../Engine/Content/MobileResources/HUD/T_Castle_ThumbstickInner.uasset" 433
"../../../Engine/Content/MobileResources/HUD/T_Castle_ThumbstickOutter.uasset" 434
"../../../Engine/Content/Tutorial/ContentIntroCurve.uasset" 435
"../../../Engine/Content/Tutorial/Basics/LevelEditorAttract.uasset" 436
"../../../Engine/Content/Tutorial/Installation/InstallingVisualStudioTutorial.uasset" 437
"../../../Engine/Content/Tutorial/SubEditors/ParticleSystemEditorTutorial.uasset" 438
"../../../Engine/Content/Tutorial/SubEditors/TutorialAssets/T_soft_smoke.uasset" 439
"../../../Engine/Content/Tutorial/SubEditors/TutorialAssets/T_SmokeSubUV_8X8.uasset" 440
"../../../Engine/Content/Tutorial/SubEditors/TutorialAssets/M_smoke_subUV_blackbody.uasset" 441
"../../../Engine/Content/Tutorial/SubEditors/TutorialAssets/TutorialParticleSystem.uasset" 442
"../../../Engine/Content/VREditor/TransformGizmo/TranslucentTransformGizmoMaterial.uasset" 443
"../../../Engine/Content/VREditor/LaserPointer/VR_LaserPower_01.uasset" 444
"../../../Engine/Content/VREditor/TransformGizmo/TransformGizmoMaterial.uasset" 445
"../../../Engine/Content/VREditor/TransformGizmo/BoundingBoxCorner.uasset" 446
"../../../Engine/Content/VREditor/TransformGizmo/BoundingBoxEdge.uasset" 447
"../../../Engine/Content/VREditor/TransformGizmo/PlaneTranslationHandle.uasset" 448
"../../../Engine/Content/VREditor/TransformGizmo/Xray.uasset" 449
"../../../Engine/Content/VREditor/TransformGizmo/Main.uasset" 450
"../../../Engine/Content/VREditor/TransformGizmo/SM_Sequencer_Key.uasset" 451
"../../../Engine/Content/VREditor/TransformGizmo/SM_Sequencer_Node.uasset" 452
"../../Plugins/2D/Paper2D/Content/PlaceholderTextures/DummySpriteTexture.uasset" 453
"../../Plugins/2D/Paper2D/Content/DummySprite.uasset" 454
"../../Plugins/2D/Paper2D/Content/DefaultPaperTerrainMaterial.uasset" 455
"../../Plugins/2D/Paper2D/Content/DefaultSpriteMaterial.uasset" 456
"../../Plugins/2D/Paper2D/Content/MaskedUnlitSpriteMaterial.uasset" 457
"../../Plugins/2D/Paper2D/Content/OpaqueUnlitSpriteMaterial.uasset" 458
"../../../Engine/Content/Functions/Engine_MaterialFunctions02/ObjectLocalBounds.uasset" 459
"../../../Engine/Content/Functions/Engine_MaterialFunctions02/Utility/BreakOutFloat3Components.uasset" 460
"../../Plugins/Editor/SpeedTreeImporter/Content/SpeedTree9/UnpackInteger3.uasset" 461
"../../Plugins/Editor/SpeedTreeImporter/Content/SpeedTree9/UnpackDirection.uasset" 462
"../../Plugins/Editor/SpeedTreeImporter/Content/SpeedTree9/game_wind_noise.uasset" 463
"../../../Engine/Content/Functions/Engine_MaterialFunctions02/SafeNormalize.uasset" 464
"../../Plugins/Editor/SpeedTreeImporter/Content/SpeedTree9/SpeedTreeWindMotion.uasset" 465
"../../Plugins/Editor/SpeedTreeImporter/Content/SpeedTree9/SpeedTreeBranchMotion.uasset" 466
"../../../Engine/Content/Functions/Engine_MaterialFunctions02/UVs/BoundingBoxBased_0-1_UVW.uasset" 467
"../../Plugins/Editor/SpeedTreeImporter/Content/SpeedTree9/SpeedTreeWind.uasset" 468
"../../Plugins/Editor/SpeedTreeImporter/Content/SpeedTree9/SpeedTreeBillboard.uasset" 469
"../../../Engine/Content/EngineResources/DefaultTexture.uasset" 470
"../../Plugins/Editor/SpeedTreeImporter/Content/SpeedTree9/SpeedTreeBillboardMaster.uasset" 471
"../../Plugins/Editor/SpeedTreeImporter/Content/SpeedTree9/SpeedTreeCameraFacing.uasset" 472
"../../Plugins/Editor/SpeedTreeImporter/Content/SpeedTree9/SpeedTreeMaster.uasset" 473
"../../../Engine/Content/ArtTools/RenderToTexture/Materials/Debug/M_Emissive_Color.uasset" 474
"../../Plugins/Lumin/MagicLeapPassableWorld/Content/MagicLeapARPinInfoActor.uasset" 475
"../../../Engine/Content/Functions/Engine_MaterialFunctions02/Utility/BreakOutFloat4Components.uasset" 476
"../../../Engine/Content/Functions/Engine_MaterialFunctions02/Utility/MakeFloat3.uasset" 477
"../../Plugins/Runtime/Oculus/OculusVR/Content/Materials/OculusMR_ChromaKey.uasset" 478
"../../Plugins/Runtime/Oculus/OculusVR/Content/Materials/OculusMR_OpaqueColoredMaterial.uasset" 479
"../../Plugins/Runtime/Oculus/OculusVR/Content/Materials/PokeAHoleMaterial.uasset" 480
"Q:/Users/GoLeM/Documents/Unreal Projects/PainkillerClone/Content/StarterContent/Materials/M_AssetPlatform.uasset" 481
"Q:/Users/GoLeM/Documents/Unreal Projects/PainkillerClone/Content/StarterContent/Architecture/SM_AssetPlatform.uasset" 482
"../../../Engine/Content/EditorMeshes/ColorCalibrator/M_GreyBall.uasset" 483
"../../../Engine/Content/EditorMeshes/ColorCalibrator/Color_checker.uasset" 484
"../../../Engine/Content/EditorMeshes/ColorCalibrator/M_ColorGrid.uasset" 485
"../../../Engine/Content/EditorMeshes/ColorCalibrator/M_ClearCoatBlack.uasset" 486
"../../../Engine/Content/EditorMeshes/ColorCalibrator/M_ClearCoat.uasset" 487
"../../../Engine/Content/EditorMeshes/ColorCalibrator/M_ChromeBall.uasset" 488
"../../../Engine/Content/EditorMeshes/ColorCalibrator/SM_ColorCalibrator.uasset" 489
"Q:/Users/GoLeM/Documents/Unreal Projects/PainkillerClone/Content/StarterContent/Maps/Advanced_Lighting_BuiltData.uasset" 490
"Q:/Users/GoLeM/Documents/Unreal Projects/PainkillerClone/Content/StarterContent/HDRI/HDRI_Epic_Courtyard_Daylight.uasset" 491
"../../../Engine/Content/MapTemplates/Sky/DaylightAmbientCubemap.uasset" 492
"Q:/Users/GoLeM/Documents/Unreal Projects/PainkillerClone/Content/StarterContent/Blueprints/Assets/M_LightStage_Skybox_Master.uasset" 493
"Q:/Users/GoLeM/Documents/Unreal Projects/PainkillerClone/Content/StarterContent/Blueprints/Assets/M_LightStage_Skybox_HDRI.uasset" 494
"Q:/Users/GoLeM/Documents/Unreal Projects/PainkillerClone/Content/StarterContent/Blueprints/Assets/M_LightStage_Arrows.uasset" 495
"Q:/Users/GoLeM/Documents/Unreal Projects/PainkillerClone/Content/StarterContent/Blueprints/Assets/SM_Arrows.uasset" 496
"../../../Engine/Content/EditorMaterials/Thumbnails/SkySphereMaterial.uasset" 497
"Q:/Users/GoLeM/Documents/Unreal Projects/PainkillerClone/Content/StarterContent/Blueprints/Assets/Skybox.uasset" 498
"Q:/Users/GoLeM/Documents/Unreal Projects/PainkillerClone/Content/StarterContent/Blueprints/Assets/M_LightStage_Skybox_Black.uasset" 499
"Q:/Users/GoLeM/Documents/Unreal Projects/PainkillerClone/Content/StarterContent/Blueprints/Assets/SunlightColorLUT.uasset" 500
"Q:/Users/GoLeM/Documents/Unreal Projects/PainkillerClone/Content/StarterContent/Blueprints/Assets/FogBrightnessLUT.uasset" 501
"Q:/Users/GoLeM/Documents/Unreal Projects/PainkillerClone/Content/StarterContent/Blueprints/BP_LightStudio.uasset" 502
"Q:/Users/GoLeM/Documents/Unreal Projects/PainkillerClone/Content/StarterContent/Maps/Advanced_Lighting.umap" 503
"Q:/Users/GoLeM/Documents/Unreal Projects/PainkillerClone/Content/StarterContent/Architecture/Floor_400x400.uasset" 504
"Q:/Users/GoLeM/Documents/Unreal Projects/PainkillerClone/Content/StarterContent/Textures/T_TableRound_N.uasset" 505
"Q:/Users/GoLeM/Documents/Unreal Projects/PainkillerClone/Content/StarterContent/Textures/T_TableRound_M.uasset" 506
"Q:/Users/GoLeM/Documents/Unreal Projects/PainkillerClone/Content/StarterContent/Props/Materials/M_TableRound.uasset" 507
"Q:/Users/GoLeM/Documents/Unreal Projects/PainkillerClone/Content/StarterContent/Props/SM_TableRound.uasset" 508
"Q:/Users/GoLeM/Documents/Unreal Projects/PainkillerClone/Content/StarterContent/Textures/T_Statue_N.uasset" 509
"Q:/Users/GoLeM/Documents/Unreal Projects/PainkillerClone/Content/StarterContent/Textures/T_Statue_M.uasset" 510
"Q:/Users/GoLeM/Documents/Unreal Projects/PainkillerClone/Content/StarterContent/Props/Materials/M_Statue.uasset" 511
"Q:/Users/GoLeM/Documents/Unreal Projects/PainkillerClone/Content/StarterContent/Props/Materials/M_StatueGlass.uasset" 512
"Q:/Users/GoLeM/Documents/Unreal Projects/PainkillerClone/Content/StarterContent/Props/SM_Statue.uasset" 513
"Q:/Users/GoLeM/Documents/Unreal Projects/PainkillerClone/Content/StarterContent/Props/SM_Chair.uasset" 514
"Q:/Users/GoLeM/Documents/Unreal Projects/PainkillerClone/Content/StarterContent/Textures/T_Metal_Copper_D.uasset" 515
"Q:/Users/GoLeM/Documents/Unreal Projects/PainkillerClone/Content/StarterContent/Materials/M_Metal_Copper.uasset" 516
"Q:/Users/GoLeM/Documents/Unreal Projects/PainkillerClone/Content/StarterContent/Materials/M_Metal_Brushed_Nickel.uasset" 517
"../../../Engine/Content/EngineSky/T_Sky_Stars.uasset" 518
"../../../Engine/Content/EngineSky/T_Sky_Clouds_M.uasset" 519
"../../../Engine/Content/EngineSky/T_Sky_Blue.uasset" 520
"../../../Engine/Content/EngineSky/M_Sky_Panning_Clouds2.uasset" 521
"Q:/Users/GoLeM/Documents/Unreal Projects/PainkillerClone/Content/StarterContent/Maps/Minimal_Default_BuiltData.uasset" 522
"../../../Engine/Content/EngineSky/SM_SkySphere.uasset" 523
"../../../Engine/Content/EngineSky/C_Sky_Zenith_Color.uasset" 524
"../../../Engine/Content/EngineSky/C_Sky_Horizon_Color.uasset" 525
"../../../Engine/Content/EngineSky/C_Sky_Cloud_Color.uasset" 526
"../../../Engine/Content/EngineSky/BP_Sky_Sphere.uasset" 527
"Q:/Users/GoLeM/Documents/Unreal Projects/PainkillerClone/Content/StarterContent/Audio/Starter_Background_Cue.uasset" 528
"Q:/Users/GoLeM/Documents/Unreal Projects/PainkillerClone/Content/StarterContent/Maps/Minimal_Default.umap" 529
"Q:/Users/GoLeM/Documents/Unreal Projects/PainkillerClone/Content/StarterContent/Shapes/Shape_Sphere.uasset" 530
"Q:/Users/GoLeM/Documents/Unreal Projects/PainkillerClone/Content/StarterContent/Shapes/Shape_QuadPyramid.uasset" 531
"Q:/Users/GoLeM/Documents/Unreal Projects/PainkillerClone/Content/StarterContent/Shapes/Shape_Cube.uasset" 532
"Q:/Users/GoLeM/Documents/Unreal Projects/PainkillerClone/Content/StarterContent/Textures/T_Frame_N.uasset" 533
"Q:/Users/GoLeM/Documents/Unreal Projects/PainkillerClone/Content/StarterContent/Textures/T_Frame_M.uasset" 534
"Q:/Users/GoLeM/Documents/Unreal Projects/PainkillerClone/Content/StarterContent/Props/Materials/M_Frame.uasset" 535
"Q:/Users/GoLeM/Documents/Unreal Projects/PainkillerClone/Content/StarterContent/Props/SM_WindowFrame.uasset" 536
"Q:/Users/GoLeM/Documents/Unreal Projects/PainkillerClone/Content/StarterContent/Props/SM_PillarFrame300.uasset" 537
"Q:/Users/GoLeM/Documents/Unreal Projects/PainkillerClone/Content/StarterContent/Props/SM_PillarFrame.uasset" 538
"Q:/Users/GoLeM/Documents/Unreal Projects/PainkillerClone/Content/StarterContent/Props/SM_GlassWindow.uasset" 539
"Q:/Users/GoLeM/Documents/Unreal Projects/PainkillerClone/Content/StarterContent/Props/SM_DoorFrame.uasset" 540
"Q:/Users/GoLeM/Documents/Unreal Projects/PainkillerClone/Content/StarterContent/Props/SM_CornerFrame.uasset" 541
"Q:/Users/GoLeM/Documents/Unreal Projects/PainkillerClone/Content/StarterContent/Props/MaterialSphere.uasset" 542
"Q:/Users/GoLeM/Documents/Unreal Projects/PainkillerClone/Content/StarterContent/Textures/T_Dust_Particle_D.uasset" 543
"Q:/Users/GoLeM/Documents/Unreal Projects/PainkillerClone/Content/StarterContent/Particles/Materials/M_Dust_Particle.uasset" 544
"Q:/Users/GoLeM/Documents/Unreal Projects/PainkillerClone/Content/StarterContent/Particles/P_Ambient_Dust.uasset" 545
"Q:/Users/GoLeM/Documents/Unreal Projects/PainkillerClone/Content/StarterContent/Textures/T_Wood_Walnut_N.uasset" 546
"Q:/Users/GoLeM/Documents/Unreal Projects/PainkillerClone/Content/StarterContent/Textures/T_Wood_Walnut_D.uasset" 547
"Q:/Users/GoLeM/Documents/Unreal Projects/PainkillerClone/Content/StarterContent/Materials/M_Wood_Walnut.uasset" 548
"Q:/Users/GoLeM/Documents/Unreal Projects/PainkillerClone/Content/StarterContent/Textures/T_Wood_Pine_N.uasset" 549
"Q:/Users/GoLeM/Documents/Unreal Projects/PainkillerClone/Content/StarterContent/Textures/T_Wood_Pine_D.uasset" 550
"Q:/Users/GoLeM/Documents/Unreal Projects/PainkillerClone/Content/StarterContent/Textures/T_Perlin_Noise_M.uasset" 551
"Q:/Users/GoLeM/Documents/Unreal Projects/PainkillerClone/Content/StarterContent/Materials/M_Wood_Pine.uasset" 552
"Q:/Users/GoLeM/Documents/Unreal Projects/PainkillerClone/Content/StarterContent/Textures/T_Wood_Oak_N.uasset" 553
"Q:/Users/GoLeM/Documents/Unreal Projects/PainkillerClone/Content/StarterContent/Textures/T_Wood_Oak_D.uasset" 554
"Q:/Users/GoLeM/Documents/Unreal Projects/PainkillerClone/Content/StarterContent/Materials/M_Wood_Oak.uasset" 555
"../../../Engine/Content/Functions/Engine_MaterialFunctions01/Opacity/AlphaOffset.uasset" 556
"Q:/Users/GoLeM/Documents/Unreal Projects/PainkillerClone/Content/StarterContent/Textures/T_Wood_Floor_Walnut_N.uasset" 557
"Q:/Users/GoLeM/Documents/Unreal Projects/PainkillerClone/Content/StarterContent/Textures/T_Wood_Floor_Walnut_M.uasset" 558
"Q:/Users/GoLeM/Documents/Unreal Projects/PainkillerClone/Content/StarterContent/Textures/T_Wood_Floor_Walnut_D.uasset" 559
"Q:/Users/GoLeM/Documents/Unreal Projects/PainkillerClone/Content/StarterContent/Materials/M_Wood_Floor_Walnut_Worn.uasset" 560
"Q:/Users/GoLeM/Documents/Unreal Projects/PainkillerClone/Content/StarterContent/Materials/M_Wood_Floor_Walnut_Polished.uasset" 561
"Q:/Users/GoLeM/Documents/Unreal Projects/PainkillerClone/Content/StarterContent/Textures/T_Water_M.uasset" 562
"Q:/Users/GoLeM/Documents/Unreal Projects/PainkillerClone/Content/StarterContent/Textures/T_Water_N.uasset" 563
"Q:/Users/GoLeM/Documents/Unreal Projects/PainkillerClone/Content/StarterContent/Materials/M_Water_Ocean.uasset" 564
"Q:/Users/GoLeM/Documents/Unreal Projects/PainkillerClone/Content/StarterContent/Materials/M_Water_Lake.uasset" 565
"Q:/Users/GoLeM/Documents/Unreal Projects/PainkillerClone/Content/StarterContent/Textures/T_Tech_Panel_N.uasset" 566
"Q:/Users/GoLeM/Documents/Unreal Projects/PainkillerClone/Content/StarterContent/Textures/T_Tech_Panel_M.uasset" 567
"Q:/Users/GoLeM/Documents/Unreal Projects/PainkillerClone/Content/StarterContent/Textures/T_Metal_Steel_D.uasset" 568
"Q:/Users/GoLeM/Documents/Unreal Projects/PainkillerClone/Content/StarterContent/Materials/M_Tech_Panel.uasset" 569
"Q:/Users/GoLeM/Documents/Unreal Projects/PainkillerClone/Content/StarterContent/Textures/T_Tech_Hex_Tile_N.uasset" 570
"Q:/Users/GoLeM/Documents/Unreal Projects/PainkillerClone/Content/StarterContent/Textures/T_Tech_Hex_Tile_M.uasset" 571
"Q:/Users/GoLeM/Documents/Unreal Projects/PainkillerClone/Content/StarterContent/Materials/M_Tech_Hex_Tile_Pulse.uasset" 572
"Q:/Users/GoLeM/Documents/Unreal Projects/PainkillerClone/Content/StarterContent/Materials/M_Tech_Hex_Tile.uasset" 573
"Q:/Users/GoLeM/Documents/Unreal Projects/PainkillerClone/Content/StarterContent/Textures/T_Tech_Dot_N.uasset" 574
"Q:/Users/GoLeM/Documents/Unreal Projects/PainkillerClone/Content/StarterContent/Textures/T_Tech_Dot_M.uasset" 575
"Q:/Users/GoLeM/Documents/Unreal Projects/PainkillerClone/Content/StarterContent/Textures/T_Single_Tile_N.uasset" 576
"Q:/Users/GoLeM/Documents/Unreal Projects/PainkillerClone/Content/StarterContent/Textures/T_Checker_Noise_M.uasset" 577
"Q:/Users/GoLeM/Documents/Unreal Projects/PainkillerClone/Content/StarterContent/Materials/M_Tech_Checker_Dot.uasset" 578
"Q:/Users/GoLeM/Documents/Unreal Projects/PainkillerClone/Content/StarterContent/Textures/T_Rock_Slate_N.uasset" 579
"Q:/Users/GoLeM/Documents/Unreal Projects/PainkillerClone/Content/StarterContent/Textures/T_Rock_Slate_D.uasset" 580
"Q:/Users/GoLeM/Documents/Unreal Projects/PainkillerClone/Content/StarterContent/Materials/M_Rock_Slate.uasset" 581
"Q:/Users/GoLeM/Documents/Unreal Projects/PainkillerClone/Content/StarterContent/Textures/T_Rock_Sandstone_N.uasset" 582
"Q:/Users/GoLeM/Documents/Unreal Projects/PainkillerClone/Content/StarterContent/Textures/T_Rock_Sandstone_D.uasset" 583
"Q:/Users/GoLeM/Documents/Unreal Projects/PainkillerClone/Content/StarterContent/Materials/M_Rock_Sandstone.uasset" 584
"Q:/Users/GoLeM/Documents/Unreal Projects/PainkillerClone/Content/StarterContent/Textures/T_Rock_Marble_Polished_D.uasset" 585
"Q:/Users/GoLeM/Documents/Unreal Projects/PainkillerClone/Content/StarterContent/Materials/M_Rock_Marble_Polished.uasset" 586
"Q:/Users/GoLeM/Documents/Unreal Projects/PainkillerClone/Content/StarterContent/Textures/T_Rock_Basalt_N.uasset" 587
"Q:/Users/GoLeM/Documents/Unreal Projects/PainkillerClone/Content/StarterContent/Materials/M_Rock_Basalt.uasset" 588
"Q:/Users/GoLeM/Documents/Unreal Projects/PainkillerClone/Content/StarterContent/Textures/T_Metal_Steel_N.uasset" 589
"Q:/Users/GoLeM/Documents/Unreal Projects/PainkillerClone/Content/StarterContent/Materials/M_Metal_Steel.uasset" 590
"Q:/Users/GoLeM/Documents/Unreal Projects/PainkillerClone/Content/StarterContent/Textures/T_Metal_Rust_D.uasset" 591
"Q:/Users/GoLeM/Documents/Unreal Projects/PainkillerClone/Content/StarterContent/Textures/T_Metal_Rust_N.uasset" 592
"Q:/Users/GoLeM/Documents/Unreal Projects/PainkillerClone/Content/StarterContent/Materials/M_Metal_Rust.uasset" 593
"Q:/Users/GoLeM/Documents/Unreal Projects/PainkillerClone/Content/StarterContent/Textures/T_Metal_Gold_D.uasset" 594
"Q:/Users/GoLeM/Documents/Unreal Projects/PainkillerClone/Content/StarterContent/Materials/M_Metal_Gold.uasset" 595
"Q:/Users/GoLeM/Documents/Unreal Projects/PainkillerClone/Content/StarterContent/Materials/M_Metal_Chrome.uasset" 596
"Q:/Users/GoLeM/Documents/Unreal Projects/PainkillerClone/Content/StarterContent/Textures/T_Ground_Moss_N.uasset" 597
"Q:/Users/GoLeM/Documents/Unreal Projects/PainkillerClone/Content/StarterContent/Textures/T_ground_Moss_D.uasset" 598
"Q:/Users/GoLeM/Documents/Unreal Projects/PainkillerClone/Content/StarterContent/Materials/M_Ground_Moss.uasset" 599
"Q:/Users/GoLeM/Documents/Unreal Projects/PainkillerClone/Content/StarterContent/Textures/T_Ground_Gravel_N.uasset" 600
"Q:/Users/GoLeM/Documents/Unreal Projects/PainkillerClone/Content/StarterContent/Textures/T_Ground_Gravel_D.uasset" 601
"Q:/Users/GoLeM/Documents/Unreal Projects/PainkillerClone/Content/StarterContent/Materials/M_Ground_Gravel.uasset" 602
"Q:/Users/GoLeM/Documents/Unreal Projects/PainkillerClone/Content/StarterContent/Textures/T_Ground_Grass_N.uasset" 603
"Q:/Users/GoLeM/Documents/Unreal Projects/PainkillerClone/Content/StarterContent/Textures/T_Ground_Grass_D.uasset" 604
"Q:/Users/GoLeM/Documents/Unreal Projects/PainkillerClone/Content/StarterContent/Materials/M_Ground_Grass.uasset" 605
"Q:/Users/GoLeM/Documents/Unreal Projects/PainkillerClone/Content/StarterContent/Textures/T_Concrete_Tiles_N.uasset" 606
"Q:/Users/GoLeM/Documents/Unreal Projects/PainkillerClone/Content/StarterContent/Textures/T_Concrete_Tiles_M.uasset" 607
"Q:/Users/GoLeM/Documents/Unreal Projects/PainkillerClone/Content/StarterContent/Textures/T_Concrete_Tiles_D.uasset" 608
"Q:/Users/GoLeM/Documents/Unreal Projects/PainkillerClone/Content/StarterContent/Textures/T_Concrete_Tiles_Variation_M.uasset" 609
"Q:/Users/GoLeM/Documents/Unreal Projects/PainkillerClone/Content/StarterContent/Materials/M_Concrete_Tiles.uasset" 610
"Q:/Users/GoLeM/Documents/Unreal Projects/PainkillerClone/Content/StarterContent/Textures/T_Concrete_Poured_N.uasset" 611
"Q:/Users/GoLeM/Documents/Unreal Projects/PainkillerClone/Content/StarterContent/Textures/T_Concrete_Poured_D.uasset" 612
"Q:/Users/GoLeM/Documents/Unreal Projects/PainkillerClone/Content/StarterContent/Materials/M_Concrete_Poured.uasset" 613
"Q:/Users/GoLeM/Documents/Unreal Projects/PainkillerClone/Content/StarterContent/Textures/T_Concrete_Panels_N.uasset" 614
"Q:/Users/GoLeM/Documents/Unreal Projects/PainkillerClone/Content/StarterContent/Textures/T_Concrete_Panels_D.uasset" 615
"Q:/Users/GoLeM/Documents/Unreal Projects/PainkillerClone/Content/StarterContent/Materials/M_Concrete_Panels.uasset" 616
"Q:/Users/GoLeM/Documents/Unreal Projects/PainkillerClone/Content/StarterContent/Textures/T_Concrete_Grime_D.uasset" 617
"Q:/Users/GoLeM/Documents/Unreal Projects/PainkillerClone/Content/StarterContent/Materials/M_Concrete_Grime.uasset" 618
"Q:/Users/GoLeM/Documents/Unreal Projects/PainkillerClone/Content/StarterContent/Textures/T_CobbleStone_Smooth_N.uasset" 619
"Q:/Users/GoLeM/Documents/Unreal Projects/PainkillerClone/Content/StarterContent/Textures/T_CobbleStone_Smooth_M.uasset" 620
"Q:/Users/GoLeM/Documents/Unreal Projects/PainkillerClone/Content/StarterContent/Textures/T_CobbleStone_Smooth_D.uasset" 621
"Q:/Users/GoLeM/Documents/Unreal Projects/PainkillerClone/Content/StarterContent/Textures/T_Rock_Smooth_Granite_D.uasset" 622
"Q:/Users/GoLeM/Documents/Unreal Projects/PainkillerClone/Content/StarterContent/Textures/T_Gradinet_01.uasset" 623
"Q:/Users/GoLeM/Documents/Unreal Projects/PainkillerClone/Content/StarterContent/Materials/M_CobbleStone_Smooth.uasset" 624
"Q:/Users/GoLeM/Documents/Unreal Projects/PainkillerClone/Content/StarterContent/Architecture/Wall_Door_400x300.uasset" 625
"Q:/Users/GoLeM/Documents/Unreal Projects/PainkillerClone/Content/StarterContent/Architecture/Wall_400x200.uasset" 626
"Q:/Users/GoLeM/Documents/Unreal Projects/PainkillerClone/Content/StarterContent/Textures/T_CobbleStone_Rough_N.uasset" 627
"Q:/Users/GoLeM/Documents/Unreal Projects/PainkillerClone/Content/StarterContent/Textures/T_CobbleStone_Rough_D.uasset" 628
"Q:/Users/GoLeM/Documents/Unreal Projects/PainkillerClone/Content/StarterContent/Materials/M_CobbleStone_Rough.uasset" 629
"Q:/Users/GoLeM/Documents/Unreal Projects/PainkillerClone/Content/StarterContent/Textures/T_CobbleStone_Pebble_N.uasset" 630
"Q:/Users/GoLeM/Documents/Unreal Projects/PainkillerClone/Content/StarterContent/Textures/T_CobbleStone_Pebble_M.uasset" 631
"Q:/Users/GoLeM/Documents/Unreal Projects/PainkillerClone/Content/StarterContent/Textures/T_CobbleStone_Pebble_D.uasset" 632
"Q:/Users/GoLeM/Documents/Unreal Projects/PainkillerClone/Content/StarterContent/Materials/M_CobbleStone_Pebble.uasset" 633
"Q:/Users/GoLeM/Documents/Unreal Projects/PainkillerClone/Content/StarterContent/Textures/T_Ceramic_Tile_N.uasset" 634
"Q:/Users/GoLeM/Documents/Unreal Projects/PainkillerClone/Content/StarterContent/Textures/T_Ceramic_Tile_M.uasset" 635
"Q:/Users/GoLeM/Documents/Unreal Projects/PainkillerClone/Content/StarterContent/Materials/M_Ceramic_Tile_Checker.uasset" 636
"Q:/Users/GoLeM/Documents/Unreal Projects/PainkillerClone/Content/StarterContent/Textures/T_Brick_Hewn_Stone_N.uasset" 637
"Q:/Users/GoLeM/Documents/Unreal Projects/PainkillerClone/Content/StarterContent/Textures/T_Brick_Hewn_Stone_M.uasset" 638
"Q:/Users/GoLeM/Documents/Unreal Projects/PainkillerClone/Content/StarterContent/Textures/T_Brick_Hewn_Stone_D.uasset" 639
"Q:/Users/GoLeM/Documents/Unreal Projects/PainkillerClone/Content/StarterContent/Materials/M_Brick_Hewn_Stone.uasset" 640
"Q:/Users/GoLeM/Documents/Unreal Projects/PainkillerClone/Content/StarterContent/Textures/T_Brick_Cut_Stone_N.uasset" 641
"Q:/Users/GoLeM/Documents/Unreal Projects/PainkillerClone/Content/StarterContent/Textures/T_Brick_Cut_Stone_D.uasset" 642
"Q:/Users/GoLeM/Documents/Unreal Projects/PainkillerClone/Content/StarterContent/Materials/M_Brick_Cut_Stone.uasset" 643
"Q:/Users/GoLeM/Documents/Unreal Projects/PainkillerClone/Content/StarterContent/Textures/T_Brick_Clay_Old_N.uasset" 644
"Q:/Users/GoLeM/Documents/Unreal Projects/PainkillerClone/Content/StarterContent/Textures/T_Brick_Clay_Old_D.uasset" 645
"Q:/Users/GoLeM/Documents/Unreal Projects/PainkillerClone/Content/StarterContent/Materials/M_Brick_Clay_Old.uasset" 646
"Q:/Users/GoLeM/Documents/Unreal Projects/PainkillerClone/Content/StarterContent/Textures/T_Brick_Clay_New_N.uasset" 647
"Q:/Users/GoLeM/Documents/Unreal Projects/PainkillerClone/Content/StarterContent/Textures/T_Brick_Clay_New_M.uasset" 648
"Q:/Users/GoLeM/Documents/Unreal Projects/PainkillerClone/Content/StarterContent/Textures/T_Brick_Clay_New_D.uasset" 649
"Q:/Users/GoLeM/Documents/Unreal Projects/PainkillerClone/Content/StarterContent/Materials/M_Brick_Clay_New.uasset" 650
"Q:/Users/GoLeM/Documents/Unreal Projects/PainkillerClone/Content/StarterContent/Textures/T_Brick_Clay_Beveled_N.uasset" 651
"Q:/Users/GoLeM/Documents/Unreal Projects/PainkillerClone/Content/StarterContent/Textures/T_Brick_Clay_Beveled_M.uasset" 652
"Q:/Users/GoLeM/Documents/Unreal Projects/PainkillerClone/Content/StarterContent/Textures/T_Brick_Clay_Beveled_D.uasset" 653
"Q:/Users/GoLeM/Documents/Unreal Projects/PainkillerClone/Content/StarterContent/Materials/M_Brick_Clay_Beveled.uasset" 654
"../../../Engine/Content/Functions/Engine_MaterialFunctions03/Procedurals/ComputeFilterWidth.uasset" 655
"../../../Engine/Content/EngineMaterials/AntiAliasedTextMaterialTranslucent.uasset" 656
"Q:/Users/GoLeM/Documents/Unreal Projects/PainkillerClone/Content/StarterContent/Maps/StarterMap_BuiltData.uasset" 657
"Q:/Users/GoLeM/Documents/Unreal Projects/PainkillerClone/Content/StarterContent/Textures/T_Lamp_N.uasset" 658
"Q:/Users/GoLeM/Documents/Unreal Projects/PainkillerClone/Content/StarterContent/Textures/T_Lamp_M.uasset" 659
"Q:/Users/GoLeM/Documents/Unreal Projects/PainkillerClone/Content/StarterContent/Props/Materials/M_Lamp.uasset" 660
"Q:/Users/GoLeM/Documents/Unreal Projects/PainkillerClone/Content/StarterContent/Props/SM_Lamp_Wall.uasset" 661
"Q:/Users/GoLeM/Documents/Unreal Projects/PainkillerClone/Content/StarterContent/Blueprints/Blueprint_WallSconce.uasset" 662
"Q:/Users/GoLeM/Documents/Unreal Projects/PainkillerClone/Content/StarterContent/Particles/P_Steam_Lit.uasset" 663
"Q:/Users/GoLeM/Documents/Unreal Projects/PainkillerClone/Content/StarterContent/Audio/Steam01_Cue.uasset" 664
"Q:/Users/GoLeM/Documents/Unreal Projects/PainkillerClone/Content/StarterContent/Blueprints/Blueprint_Effect_Steam.uasset" 665
"Q:/Users/GoLeM/Documents/Unreal Projects/PainkillerClone/Content/StarterContent/Audio/Fire_Sparks01_Cue.uasset" 666
"Q:/Users/GoLeM/Documents/Unreal Projects/PainkillerClone/Content/StarterContent/Blueprints/Blueprint_Effect_Sparks.uasset" 667
"Q:/Users/GoLeM/Documents/Unreal Projects/PainkillerClone/Content/StarterContent/Particles/P_Smoke.uasset" 668
"Q:/Users/GoLeM/Documents/Unreal Projects/PainkillerClone/Content/StarterContent/Audio/Smoke01_Cue.uasset" 669
"Q:/Users/GoLeM/Documents/Unreal Projects/PainkillerClone/Content/StarterContent/Blueprints/Blueprint_Effect_Smoke.uasset" 670
"Q:/Users/GoLeM/Documents/Unreal Projects/PainkillerClone/Content/StarterContent/Particles/Materials/M_Heat_Distortion.uasset" 671
"Q:/Users/GoLeM/Documents/Unreal Projects/PainkillerClone/Content/StarterContent/Textures/T_Fire_Tiled_D.uasset" 672
"Q:/Users/GoLeM/Documents/Unreal Projects/PainkillerClone/Content/StarterContent/Textures/T_Fire_SubUV.uasset" 673
"Q:/Users/GoLeM/Documents/Unreal Projects/PainkillerClone/Content/StarterContent/Particles/Materials/M_Fire_SubUV.uasset" 674
"Q:/Users/GoLeM/Documents/Unreal Projects/PainkillerClone/Content/StarterContent/Particles/P_Fire.uasset" 675
"Q:/Users/GoLeM/Documents/Unreal Projects/PainkillerClone/Content/StarterContent/Audio/Fire01_Cue.uasset" 676
"Q:/Users/GoLeM/Documents/Unreal Projects/PainkillerClone/Content/StarterContent/Blueprints/Blueprint_Effect_Fire.uasset" 677
"Q:/Users/GoLeM/Documents/Unreal Projects/PainkillerClone/Content/StarterContent/Props/SM_Lamp_Ceiling.uasset" 678
"Q:/Users/GoLeM/Documents/Unreal Projects/PainkillerClone/Content/StarterContent/Blueprints/Blueprint_CeilingLight.uasset" 679
"Q:/Users/GoLeM/Documents/Unreal Projects/PainkillerClone/Content/StarterContent/Audio/Starter_Music_Cue.uasset" 680
"Q:/Users/GoLeM/Documents/Unreal Projects/PainkillerClone/Content/StarterContent/Audio/Collapse_Cue.uasset" 681
"Q:/Users/GoLeM/Documents/Unreal Projects/PainkillerClone/Content/StarterContent/Architecture/Wall_Window_400x300.uasset" 682
"Q:/Users/GoLeM/Documents/Unreal Projects/PainkillerClone/Content/StarterContent/Maps/StarterMap.umap" 683
"Q:/Users/GoLeM/Documents/Unreal Projects/PainkillerClone/Content/FirstPersonBP/Blueprints/LevelMech/Door.uasset" 684
"Q:/Users/GoLeM/Documents/Unreal Projects/PainkillerClone/Content/Audio/ArenaDoor.uasset" 685
"Q:/Users/GoLeM/Documents/Unreal Projects/PainkillerClone/Content/FirstPersonBP/Blueprints/LevelMech/Trigger.uasset" 686
"Q:/Users/GoLeM/Documents/Unreal Projects/PainkillerClone/Content/FirstPersonBP/Blueprints/LevelMech/Spawner_Child.uasset" 687
"Q:/Users/GoLeM/Documents/Unreal Projects/PainkillerClone/Content/FirstPersonBP/Blueprints/LevelMech/EndLevel.uasset" 688
"Q:/Users/GoLeM/Documents/Unreal Projects/PainkillerClone/Content/FirstPersonBP/Blueprints/LevelMech/ArenaIspector.uasset" 689
"Q:/Users/GoLeM/Documents/Unreal Projects/PainkillerClone/Content/FirstPersonBP/Blueprints/Items/NotDecayItems/HealthItemNT.uasset" 690
"Q:/Users/GoLeM/Documents/Unreal Projects/PainkillerClone/Content/FirstPersonBP/Blueprints/Bots/ShootBotBase.uasset" 691
"Q:/Users/GoLeM/Documents/Unreal Projects/PainkillerClone/Content/FirstPersonBP/Blueprints/Bots/MeleeBotBase_Big.uasset" 692
"Q:/Users/GoLeM/Documents/Unreal Projects/PainkillerClone/Content/Geometry/Meshes/CubeMaterial.uasset" 693
"Q:/Users/GoLeM/Documents/Unreal Projects/PainkillerClone/Content/Geometry/Meshes/1M_Cube.uasset" 694
"Q:/Users/GoLeM/Documents/Unreal Projects/PainkillerClone/Content/FirstPersonBP/Blueprints/LevelMech/Door_Child.uasset" 695
"Q:/Users/GoLeM/Documents/Unreal Projects/PainkillerClone/Content/FirstPersonBP/Blueprints/Items/NotDecayItems/ArmorItemNT.uasset" 696
"Q:/Users/GoLeM/Documents/Unreal Projects/PainkillerClone/Content/FirstPersonBP/Blueprints/Items/NotDecayItems/ArmorItemNT_Big.uasset" 697
"Q:/Users/GoLeM/Documents/Unreal Projects/PainkillerClone/Content/FirstPersonBP/Blueprints/Items/NotDecayItems/AmmoItemNTSniper.uasset" 698
"Q:/Users/GoLeM/Documents/Unreal Projects/PainkillerClone/Content/FirstPersonBP/Blueprints/Items/NotDecayItems/AmmoItemNTShotgunBIG.uasset" 699
"Q:/Users/GoLeM/Documents/Unreal Projects/PainkillerClone/Content/FirstPersonBP/Blueprints/Items/NotDecayItems/AmmoItemNTShotgun.uasset" 700
"Q:/Users/GoLeM/Documents/Unreal Projects/PainkillerClone/Content/FirstPersonBP/Blueprints/Items/WeaponUnlockShotGun.uasset" 701
"Q:/Users/GoLeM/Documents/Unreal Projects/PainkillerClone/Content/FirstPersonBP/Maps/1stLevel.umap" 702
"Q:/Users/GoLeM/Documents/Unreal Projects/PainkillerClone/Content/FirstPersonBP/Blueprints/SaveSystem/CheckPoint.uasset" 703
"Q:/Users/GoLeM/Documents/Unreal Projects/PainkillerClone/Content/FirstPersonBP/Blueprints/Bots/MeleeBotBase.uasset" 704
"Q:/Users/GoLeM/Documents/Unreal Projects/PainkillerClone/Content/FirstPersonBP/Blueprints/LevelMech/ClosedArena.uasset" 705
"Q:/Users/GoLeM/Documents/Unreal Projects/PainkillerClone/Content/FirstPersonBP/Blueprints/LevelMech/ClosedArena_Child.uasset" 706
"Q:/Users/GoLeM/Documents/Unreal Projects/PainkillerClone/Content/FirstPerson/Meshes/CubeMaterialOverride.uasset" 707
"Q:/Users/GoLeM/Documents/Unreal Projects/PainkillerClone/Content/FirstPersonBP/Maps/FirstPersonExampleMap.umap" 708
"Q:/Users/GoLeM/Documents/Unreal Projects/PainkillerClone/Content/ThirdPersonBP/Maps/ThirdPersonExampleMap_BuiltData.uasset" 709
"Q:/Users/GoLeM/Documents/Unreal Projects/PainkillerClone/Content/ThirdPerson/Meshes/RampMaterial.uasset" 710
"Q:/Users/GoLeM/Documents/Unreal Projects/PainkillerClone/Content/ThirdPerson/Meshes/RightArm_StaticMesh.uasset" 711
"Q:/Users/GoLeM/Documents/Unreal Projects/PainkillerClone/Content/ThirdPerson/Meshes/Ramp_StaticMesh.uasset" 712
"Q:/Users/GoLeM/Documents/Unreal Projects/PainkillerClone/Content/ThirdPerson/Meshes/Linear_Stair_StaticMesh.uasset" 713
"Q:/Users/GoLeM/Documents/Unreal Projects/PainkillerClone/Content/ThirdPerson/Meshes/LeftArm_StaticMesh.uasset" 714
"Q:/Users/GoLeM/Documents/Unreal Projects/PainkillerClone/Content/ThirdPerson/Meshes/Bump_StaticMesh.uasset" 715
"Q:/Users/GoLeM/Documents/Unreal Projects/PainkillerClone/Content/Geometry/Meshes/TemplateFloor.uasset" 716
"Q:/Users/GoLeM/Documents/Unreal Projects/PainkillerClone/Content/Geometry/Meshes/1M_Cube_Chamfer.uasset" 717
"Q:/Users/GoLeM/Documents/Unreal Projects/PainkillerClone/Content/ThirdPersonBP/Maps/ThirdPersonExampleMap.umap" 718
"../../../Engine/Content/Maps/Entry_BuiltData.uasset" 719
"../../../Engine/Content/Maps/Entry.umap" 720
